<?xml version="1.0" encoding="UTF-8"?>
<!-- Generated by org.testng.reporters.JUnitXMLReporter -->
<testsuite ignored="1" hostname="DESKTOP-MUPOVES" failures="0" tests="3" name="Default test" time="73.831" errors="0" timestamp="2023-02-10T17:22:24 IST">
  <testcase classname="tests.LoginPageTest" name="verifyInvalidLogin" time="2.674"/>
  <testcase classname="tests.LoginPageTest" name="verifyInvalidLogin" time="2.181"/>
  <testcase classname="tests.LoginPageTest" name="verifyInvalidLogin" time="1.774"/>
  <testcase classname="tests.LoginPageTest" name="verifyLogin" time="0.0">
    <ignored/>
  </testcase> <!-- verifyLogin -->
</testsuite> <!-- Default test -->
