<?xml version="1.0" encoding="UTF-8"?>
<testng-results ignored="1" total="4" passed="3" failed="0" skipped="0">
  <reporter-output>
  </reporter-output>
  <suite started-at="2023-02-10T17:21:10 IST" name="Default suite" finished-at="2023-02-10T17:22:24 IST" duration-ms="73831">
    <groups>
    </groups>
    <test started-at="2023-02-10T17:21:10 IST" name="Default test" finished-at="2023-02-10T17:22:24 IST" duration-ms="73831">
      <class name="tests.LoginPageTest">
        <test-method is-config="true" signature="setUp()[pri:0, instance:tests.LoginPageTest@36916eb0]" started-at="2023-02-10T17:21:11 IST" name="setUp" finished-at="2023-02-10T17:21:34 IST" duration-ms="23713" status="PASS">
          <reporter-output>
          </reporter-output>
        </test-method> <!-- setUp -->
        <test-method signature="verifyInvalidLogin(java.lang.String,java.lang.String)[pri:0, instance:tests.LoginPageTest@36916eb0]" started-at="2023-02-10T17:21:34 IST" name="verifyInvalidLogin" data-provider="getCredentials" finished-at="2023-02-10T17:21:37 IST" duration-ms="2674" status="PASS">
          <params>
            <param index="0">
              <value>
                <![CDATA[abc]]>
              </value>
            </param>
            <param index="1">
              <value>
                <![CDATA[abc]]>
              </value>
            </param>
          </params>
          <reporter-output>
          </reporter-output>
        </test-method> <!-- verifyInvalidLogin -->
        <test-method is-config="true" signature="tearDwon()[pri:0, instance:tests.LoginPageTest@36916eb0]" started-at="2023-02-10T17:21:37 IST" name="tearDwon" finished-at="2023-02-10T17:21:37 IST" duration-ms="445" status="PASS">
          <reporter-output>
          </reporter-output>
        </test-method> <!-- tearDwon -->
        <test-method is-config="true" signature="setUp()[pri:0, instance:tests.LoginPageTest@36916eb0]" started-at="2023-02-10T17:21:37 IST" name="setUp" finished-at="2023-02-10T17:21:59 IST" duration-ms="21132" status="PASS">
          <reporter-output>
          </reporter-output>
        </test-method> <!-- setUp -->
        <test-method signature="verifyInvalidLogin(java.lang.String,java.lang.String)[pri:0, instance:tests.LoginPageTest@36916eb0]" started-at="2023-02-10T17:21:59 IST" name="verifyInvalidLogin" data-provider="getCredentials" finished-at="2023-02-10T17:22:01 IST" duration-ms="2181" status="PASS">
          <params>
            <param index="0">
              <value>
                <![CDATA[abc]]>
              </value>
            </param>
            <param index="1">
              <value>
                <![CDATA[   ]]>
              </value>
            </param>
          </params>
          <reporter-output>
          </reporter-output>
        </test-method> <!-- verifyInvalidLogin -->
        <test-method is-config="true" signature="tearDwon()[pri:0, instance:tests.LoginPageTest@36916eb0]" started-at="2023-02-10T17:22:01 IST" name="tearDwon" finished-at="2023-02-10T17:22:01 IST" duration-ms="519" status="PASS">
          <reporter-output>
          </reporter-output>
        </test-method> <!-- tearDwon -->
        <test-method is-config="true" signature="setUp()[pri:0, instance:tests.LoginPageTest@36916eb0]" started-at="2023-02-10T17:22:01 IST" name="setUp" finished-at="2023-02-10T17:22:22 IST" duration-ms="20776" status="PASS">
          <reporter-output>
          </reporter-output>
        </test-method> <!-- setUp -->
        <test-method signature="verifyInvalidLogin(java.lang.String,java.lang.String)[pri:0, instance:tests.LoginPageTest@36916eb0]" started-at="2023-02-10T17:22:22 IST" name="verifyInvalidLogin" data-provider="getCredentials" finished-at="2023-02-10T17:22:24 IST" duration-ms="1774" status="PASS">
          <params>
            <param index="0">
              <value>
                <![CDATA[   ]]>
              </value>
            </param>
            <param index="1">
              <value>
                <![CDATA[abc]]>
              </value>
            </param>
          </params>
          <reporter-output>
          </reporter-output>
        </test-method> <!-- verifyInvalidLogin -->
        <test-method is-config="true" signature="tearDwon()[pri:0, instance:tests.LoginPageTest@36916eb0]" started-at="2023-02-10T17:22:24 IST" name="tearDwon" finished-at="2023-02-10T17:22:24 IST" duration-ms="542" status="PASS">
          <reporter-output>
          </reporter-output>
        </test-method> <!-- tearDwon -->
      </class> <!-- tests.LoginPageTest -->
    </test> <!-- Default test -->
  </suite> <!-- Default suite -->
</testng-results>
